<?xml version="1.0" encoding="UTF-8"?>
<!-- Generated by org.testng.reporters.JUnitReportReporter -->
<testsuite hostname="LAPTOP-GAUPM6CM" failures="0" tests="1" name="mar6th.FrameHandling" time="8.809" errors="0" timestamp="2024-03-06T19:58:05 IST" skipped="0">
  <testcase classname="mar6th.FrameHandling" name="framesHandlingTest" time="8.809"/>
</testsuite> <!-- mar6th.FrameHandling -->
