<?xml version="1.0" encoding="UTF-8"?>
<!-- Generated by org.testng.reporters.JUnitReportReporter -->
<testsuite hostname="LAPTOP-GAUPM6CM" failures="0" tests="2" name="mar15th.RadioButton" time="20.325" errors="0" timestamp="2024-03-15T19:18:31 IST" skipped="0">
  <testcase classname="mar15th.RadioButton" name="radioButtonTest2" time="12.355"/>
  <testcase classname="mar15th.RadioButton" name="radioButtonTest" time="7.970"/>
</testsuite> <!-- mar15th.RadioButton -->
