<?xml version="1.0" encoding="UTF-8"?>
<!-- Generated by org.testng.reporters.JUnitReportReporter -->
<testsuite hostname="LAPTOP-GAUPM6CM" failures="0" tests="1" name="mar7th.FrameHandling2" time="26.178" errors="0" timestamp="2024-03-07T19:55:47 IST" skipped="0">
  <testcase classname="mar7th.FrameHandling2" name="frameHandlingTest" time="26.178"/>
</testsuite> <!-- mar7th.FrameHandling2 -->
