<?xml version="1.0" encoding="UTF-8"?>
<!-- Generated by org.testng.reporters.JUnitReportReporter -->
<testsuite hostname="LAPTOP-GAUPM6CM" failures="0" tests="1" name="apr3rd.SalesForceLogin" time="22.213" errors="0" timestamp="2024-04-03T21:31:19 IST" skipped="0">
  <testcase classname="apr3rd.SalesForceLogin" name="salesForceLoginTest" time="22.213"/>
</testsuite> <!-- apr3rd.SalesForceLogin -->
