<?xml version="1.0" encoding="UTF-8"?>
<!-- Generated by org.testng.reporters.JUnitReportReporter -->
<testsuite hostname="LAPTOP-GAUPM6CM" failures="0" tests="4" name="mar4th.ValidateLogin" time="24.947" errors="0" timestamp="2024-03-04T19:19:38 IST" skipped="0">
  <testcase classname="mar4th.ValidateLogin" name="validateLoginTest2" time="6.227"/>
  <testcase classname="mar4th.ValidateLogin" name="validateLoginTest1" time="5.975"/>
  <testcase classname="mar4th.ValidateLogin" name="validateLoginTest4" time="5.415"/>
  <testcase classname="mar4th.ValidateLogin" name="validateLoginTest3" time="7.330"/>
</testsuite> <!-- mar4th.ValidateLogin -->
