<?xml version="1.0" encoding="UTF-8"?>
<!-- Generated by org.testng.reporters.JUnitReportReporter -->
<testsuite hostname="LAPTOP-GAUPM6CM" failures="0" tests="1" name="mar14th.WaitsDemo3" time="14.225" errors="0" timestamp="2024-03-14T19:38:40 IST" skipped="0">
  <testcase classname="mar14th.WaitsDemo3" name="waitsTest" time="14.225"/>
</testsuite> <!-- mar14th.WaitsDemo3 -->
