<?xml version="1.0" encoding="UTF-8"?>
<!-- Generated by org.testng.reporters.JUnitReportReporter -->
<testsuite hostname="LAPTOP-GAUPM6CM" failures="0" tests="1" name="mar13th.ScrollDemo1" time="31.182" errors="0" timestamp="2024-03-13T19:26:13 IST" skipped="0">
  <testcase classname="mar13th.ScrollDemo1" name="scrollTest" time="31.182"/>
</testsuite> <!-- mar13th.ScrollDemo1 -->
