<?xml version="1.0" encoding="UTF-8"?>
<!-- Generated by org.testng.reporters.JUnitReportReporter -->
<testsuite hostname="LAPTOP-GAUPM6CM" failures="0" tests="1" name="mar12th.JavaScriptExecutorDemo1" time="15.004" errors="0" timestamp="2024-03-13T19:10:28 IST" skipped="0">
  <testcase classname="mar12th.JavaScriptExecutorDemo1" name="javaScriptTest" time="15.004"/>
</testsuite> <!-- mar12th.JavaScriptExecutorDemo1 -->
