<?xml version="1.0" encoding="UTF-8"?>
<!-- Generated by org.testng.reporters.JUnitReportReporter -->
<testsuite hostname="LAPTOP-GAUPM6CM" failures="0" tests="1" name="mar13th.WaitsDemo1" time="13.327" errors="0" timestamp="2024-03-14T19:08:19 IST" skipped="0">
  <testcase classname="mar13th.WaitsDemo1" name="waitsTest" time="13.327"/>
</testsuite> <!-- mar13th.WaitsDemo1 -->
