<?xml version="1.0" encoding="UTF-8"?>
<!-- Generated by org.testng.reporters.JUnitReportReporter -->
<testsuite hostname="LAPTOP-GAUPM6CM" failures="0" tests="1" name="mar13th.ScrollDemo2" time="11.900" errors="0" timestamp="2024-03-13T19:36:54 IST" skipped="0">
  <testcase classname="mar13th.ScrollDemo2" name="scrollTest" time="11.900"/>
</testsuite> <!-- mar13th.ScrollDemo2 -->
