<?xml version="1.0" encoding="UTF-8"?>
<!-- Generated by org.testng.reporters.JUnitReportReporter -->
<testsuite hostname="LAPTOP-GAUPM6CM" failures="0" tests="1" name="assignments.Pepperfry" time="25.394" errors="0" timestamp="2024-03-15T20:04:59 IST" skipped="0">
  <testcase classname="assignments.Pepperfry" name="Test" time="25.394"/>
</testsuite> <!-- assignments.Pepperfry -->
