<?xml version="1.0" encoding="UTF-8"?>
<!-- Generated by org.testng.reporters.JUnitReportReporter -->
<testsuite hostname="LAPTOP-GAUPM6CM" failures="0" tests="1" name="mar12th.Screenshot3" time="8.882" errors="0" timestamp="2024-03-12T19:26:22 IST" skipped="0">
  <testcase classname="mar12th.Screenshot3" name="screenshotTest" time="8.882"/>
</testsuite> <!-- mar12th.Screenshot3 -->
