<?xml version="1.0" encoding="UTF-8"?>
<!-- Generated by org.testng.reporters.JUnitReportReporter -->
<testsuite hostname="LAPTOP-GAUPM6CM" failures="0" tests="1" name="mar14th.WaitsDemo2" time="8.783" errors="0" timestamp="2024-03-14T19:20:58 IST" skipped="0">
  <testcase classname="mar14th.WaitsDemo2" name="waitsTest" time="8.783"/>
</testsuite> <!-- mar14th.WaitsDemo2 -->
