<?xml version="1.0" encoding="UTF-8"?>
<!-- Generated by org.testng.reporters.JUnitReportReporter -->
<testsuite hostname="LAPTOP-GAUPM6CM" failures="0" tests="1" name="mar5th.DragAndDrop" time="8.840" errors="0" timestamp="2024-03-05T19:49:00 IST" skipped="0">
  <testcase classname="mar5th.DragAndDrop" name="dragAndDropTest" time="8.840"/>
</testsuite> <!-- mar5th.DragAndDrop -->
