<?xml version="1.0" encoding="UTF-8"?>
<!-- Generated by org.testng.reporters.JUnitReportReporter -->
<testsuite hostname="LAPTOP-GAUPM6CM" failures="0" tests="1" name="mar12th.JavaScriptExecutorDemo2" time="11.091" errors="0" timestamp="2024-03-12T20:02:39 IST" skipped="0">
  <testcase classname="mar12th.JavaScriptExecutorDemo2" name="javaScriptTest" time="11.091"/>
</testsuite> <!-- mar12th.JavaScriptExecutorDemo2 -->
