<?xml version="1.0" encoding="UTF-8"?>
<!-- Generated by org.testng.reporters.JUnitReportReporter -->
<testsuite hostname="LAPTOP-GAUPM6CM" failures="0" tests="1" name="mar6th.MultipleWindows2" time="21.881" errors="0" timestamp="2024-03-06T19:44:45 IST" skipped="0">
  <testcase classname="mar6th.MultipleWindows2" name="multipleWindowsTest" time="21.881"/>
</testsuite> <!-- mar6th.MultipleWindows2 -->
