<?xml version="1.0" encoding="UTF-8"?>
<!-- Generated by org.testng.reporters.JUnitReportReporter -->
<testsuite hostname="LAPTOP-GAUPM6CM" failures="0" tests="3" name="mar2nd.AdactinLogin2" time="0.043" errors="0" timestamp="2024-03-02T19:41:39 IST" skipped="0">
  <testcase classname="mar2nd.AdactinLogin2" name="loginUsingValidUsernameAndInValidPassword" time="0.030"/>
  <testcase classname="mar2nd.AdactinLogin2" name="loginUsingValidUsernameAndValidPassword" time="0.003"/>
  <testcase classname="mar2nd.AdactinLogin2" name="loginUsingInValidUsernameAndValidPassword" time="0.010"/>
</testsuite> <!-- mar2nd.AdactinLogin2 -->
