<?xml version="1.0" encoding="UTF-8"?>
<!-- Generated by org.testng.reporters.JUnitReportReporter -->
<testsuite hostname="LAPTOP-GAUPM6CM" failures="0" tests="3" name="mar2nd.AdactinLogin" time="0.021" errors="0" timestamp="2024-03-02T19:38:49 IST" skipped="0">
  <testcase classname="mar2nd.AdactinLogin" name="loginUsingValidUsernameAndInValidPassword" time="0.004"/>
  <testcase classname="mar2nd.AdactinLogin" name="loginUsingValidUsernameAndValidPassword" time="0.002"/>
  <testcase classname="mar2nd.AdactinLogin" name="loginUsingInValidUsernameAndValidPassword" time="0.015"/>
</testsuite> <!-- mar2nd.AdactinLogin -->
