<?xml version="1.0" encoding="UTF-8"?>
<!-- Generated by org.testng.reporters.JUnitReportReporter -->
<testsuite hostname="LAPTOP-GAUPM6CM" failures="0" tests="1" name="mar4th.MouseHover" time="11.544" errors="0" timestamp="2024-03-04T20:05:39 IST" skipped="0">
  <testcase classname="mar4th.MouseHover" name="mouseHoverTest" time="11.544"/>
</testsuite> <!-- mar4th.MouseHover -->
