<?xml version="1.0" encoding="UTF-8"?>
<!-- Generated by org.testng.reporters.JUnitReportReporter -->
<testsuite hostname="LAPTOP-GAUPM6CM" failures="0" tests="1" name="apr3rd.FileUpload" time="45.438" errors="0" timestamp="2024-04-03T20:34:10 IST" skipped="0">
  <testcase classname="apr3rd.FileUpload" name="frameHandlingTest" time="45.438"/>
</testsuite> <!-- apr3rd.FileUpload -->
