<?xml version="1.0" encoding="UTF-8"?>
<!-- Generated by org.testng.reporters.JUnitReportReporter -->
<testsuite hostname="LAPTOP-GAUPM6CM" failures="0" tests="1" name="mar11th.Screenshot1" time="9.945" errors="0" timestamp="2024-03-11T20:05:05 IST" skipped="0">
  <testcase classname="mar11th.Screenshot1" name="screenshotTest" time="9.945"/>
</testsuite> <!-- mar11th.Screenshot1 -->
