<?xml version="1.0" encoding="UTF-8"?>
<!-- Generated by org.testng.reporters.JUnitReportReporter -->
<testsuite hostname="LAPTOP-GAUPM6CM" failures="0" tests="1" name="mar11th.AlertHandle" time="8.768" errors="0" timestamp="2024-03-11T19:35:38 IST" skipped="0">
  <testcase classname="mar11th.AlertHandle" name="alertTest" time="8.768"/>
</testsuite> <!-- mar11th.AlertHandle -->
