<?xml version="1.0" encoding="UTF-8"?>
<!-- Generated by org.testng.reporters.JUnitReportReporter -->
<testsuite hostname="LAPTOP-GAUPM6CM" failures="0" tests="1" name="mar13th.HighLightElement" time="15.765" errors="0" timestamp="2024-03-13T19:54:43 IST" skipped="0">
  <testcase classname="mar13th.HighLightElement" name="loginTest" time="15.765"/>
</testsuite> <!-- mar13th.HighLightElement -->
