<?xml version="1.0" encoding="UTF-8"?>
<!-- Generated by org.testng.reporters.JUnitReportReporter -->
<testsuite hostname="LAPTOP-GAUPM6CM" failures="0" tests="1" name="oct18th.ClickUsingJS" time="31.189" errors="0" timestamp="2024-03-12T18:42:59 IST" skipped="0">
  <testcase classname="oct18th.ClickUsingJS" name="clickJSTest" time="31.189"/>
</testsuite> <!-- oct18th.ClickUsingJS -->
