<?xml version="1.0" encoding="UTF-8"?>
<!-- Generated by org.testng.reporters.JUnitReportReporter -->
<testsuite hostname="LAPTOP-GAUPM6CM" failures="0" tests="1" name="assignments.PepperfryAssignment" time="44.163" errors="0" timestamp="2024-03-15T20:10:35 IST" skipped="0">
  <testcase classname="assignments.PepperfryAssignment" name="javapractice" time="44.163"/>
</testsuite> <!-- assignments.PepperfryAssignment -->
