<?xml version="1.0" encoding="UTF-8"?>
<!-- Generated by org.testng.reporters.JUnitReportReporter -->
<testsuite hostname="LAPTOP-GAUPM6CM" failures="0" tests="1" name="mar15th.WebTable3" time="45.153" errors="0" timestamp="2024-03-15T20:01:20 IST" skipped="0">
  <testcase classname="mar15th.WebTable3" name="webTableTest" time="45.153"/>
</testsuite> <!-- mar15th.WebTable3 -->
