<?xml version="1.0" encoding="UTF-8"?>
<!-- Generated by org.testng.reporters.JUnitReportReporter -->
<testsuite hostname="LAPTOP-GAUPM6CM" failures="0" tests="1" name="mar15th.WebTable2" time="45.818" errors="0" timestamp="2024-03-15T19:53:37 IST" skipped="0">
  <testcase classname="mar15th.WebTable2" name="webTableTest" time="45.818"/>
</testsuite> <!-- mar15th.WebTable2 -->
