<?xml version="1.0" encoding="UTF-8"?>
<!-- Generated by org.testng.reporters.JUnitReportReporter -->
<testsuite hostname="LAPTOP-GAUPM6CM" failures="0" tests="1" name="assignments.Frameshandlingguru99" time="35.052" errors="0" timestamp="2024-03-11T19:15:34 IST" skipped="0">
  <testcase classname="assignments.Frameshandlingguru99" name="framesHandling" time="35.052"/>
</testsuite> <!-- assignments.Frameshandlingguru99 -->
