<?xml version="1.0" encoding="UTF-8"?>
<!-- Generated by org.testng.reporters.JUnitReportReporter -->
<testsuite hostname="LAPTOP-GAUPM6CM" failures="0" tests="1" name="mar12th.WebElementScreenshot4" time="10.836" errors="0" timestamp="2024-03-12T19:32:37 IST" skipped="0">
  <testcase classname="mar12th.WebElementScreenshot4" name="screenshotTest" time="10.836"/>
</testsuite> <!-- mar12th.WebElementScreenshot4 -->
