<?xml version="1.0" encoding="UTF-8"?>
<!-- Generated by org.testng.reporters.JUnitReportReporter -->
<testsuite hostname="LAPTOP-GAUPM6CM" failures="0" tests="1" name="mar12th.Screenshot2" time="13.039" errors="0" timestamp="2024-03-12T19:22:08 IST" skipped="0">
  <testcase classname="mar12th.Screenshot2" name="screenshotTest" time="13.039"/>
</testsuite> <!-- mar12th.Screenshot2 -->
