<?xml version="1.0" encoding="UTF-8"?>
<!-- Generated by org.testng.reporters.JUnitReportReporter -->
<testsuite hostname="LAPTOP-GAUPM6CM" failures="0" tests="1" name="mar15th.WebTable1" time="36.561" errors="0" timestamp="2024-03-15T19:48:13 IST" skipped="0">
  <testcase classname="mar15th.WebTable1" name="webTableTest" time="36.561"/>
</testsuite> <!-- mar15th.WebTable1 -->
