<?xml version="1.0" encoding="UTF-8"?>
<!-- Generated by org.testng.reporters.JUnitReportReporter -->
<testsuite hostname="LAPTOP-GAUPM6CM" failures="0" tests="1" name="mar5th.MouseHover2" time="17.151" errors="0" timestamp="2024-03-05T19:22:20 IST" skipped="0">
  <testcase classname="mar5th.MouseHover2" name="mouseHoverTest" time="17.151"/>
</testsuite> <!-- mar5th.MouseHover2 -->
