<?xml version="1.0" encoding="UTF-8"?>
<!-- Generated by org.testng.reporters.JUnitReportReporter -->
<testsuite hostname="LAPTOP-GAUPM6CM" failures="0" tests="3" name="mar15th.CheckBox" time="77.871" errors="0" timestamp="2024-03-15T19:33:33 IST" skipped="0">
  <testcase classname="mar15th.CheckBox" name="radioButtonTest2" time="34.237"/>
  <testcase classname="mar15th.CheckBox" name="radioButtonTest" time="8.134"/>
  <testcase classname="mar15th.CheckBox" name="radioButtonTest3" time="35.500"/>
</testsuite> <!-- mar15th.CheckBox -->
